<?xml version="1.0" encoding="UTF-8"?>
<testsuite xmlns:xsi="http://www.w3.org/2001/XMLSchema-instance" xsi:noNamespaceSchemaLocation="https://maven.apache.org/surefire/maven-surefire-plugin/xsd/surefire-test-report.xsd" version="3.0.2" name="TF_ESII.tool_registry.service.ToolServiceTest" time="0.288" tests="11" errors="0" skipped="0" failures="0">
  <properties>
[...]
</properties>
  <testcase name="deleteFerramentaBuiltInLancaExcecao" classname="TF_ESII.tool_registry.service.ToolServiceTest" time="0.236"/>
  <testcase name="updateAtualizaFerramenta" classname="TF_ESII.tool_registry.service.ToolServiceTest" time="0.009"/>
  <testcase name="deleteFerramentaCustomFunciona" classname="TF_ESII.tool_registry.service.ToolServiceTest" time="0.002"/>
  <testcase name="listAllRetornaTodasFerramentas" classname="TF_ESII.tool_registry.service.ToolServiceTest" time="0.01"/>
  <testcase name="deleteFerramentaInexistenteLancaExcecao" classname="TF_ESII.tool_registry.service.ToolServiceTest" time="0.004"/>
  <testcase name="executeDespachaParaExecutor" classname="TF_ESII.tool_registry.service.ToolServiceTest" time="0.004"/>
  <testcase name="updateFerramentaInexistenteLancaExcecao" classname="TF_ESII.tool_registry.service.ToolServiceTest" time="0.004"/>
  <testcase name="registerComNomeDuplicadoLancaExcecao" classname="TF_ESII.tool_registry.service.ToolServiceTest" time="0.005"/>
  <testcase name="executeFerramentaInexistenteLancaExcecao" classname="TF_ESII.tool_registry.service.ToolServiceTest" time="0.002"/>
  <testcase name="registerSalvaNovaFerramenta" classname="TF_ESII.tool_registry.service.ToolServiceTest" time="0.003"/>
  <testcase name="findByNameRetornaFerramenta" classname="TF_ESII.tool_registry.service.ToolServiceTest" time="0.002"/>
</testsuite>