<?xml version="1.0" encoding="UTF-8"?>
<testsuite xmlns:xsi="http://www.w3.org/2001/XMLSchema-instance" xsi:noNamespaceSchemaLocation="https://maven.apache.org/surefire/maven-surefire-plugin/xsd/surefire-test-report.xsd" version="3.0.2" name="TF_ESII.tool_registry.ToolRegistryApplicationTests" time="4.939" tests="2" errors="0" skipped="0" failures="0">
  <properties>
[...]
</properties>
  <testcase name="contextLoads" classname="TF_ESII.tool_registry.ToolRegistryApplicationTests" time="0.006">
    <system-out><![CDATA[2026-06-28T15:55:42.923-03:00  INFO 19680 --- [tool-registry] [           main] t.c.s.AnnotationConfigContextLoaderUtils : Could not detect default configuration classes for test class [TF_ESII.tool_registry.ToolRegistryApplicationTests]: ToolRegistryApplicationTests does not declare any static, non-private, non-final, nested classes annotated with @Configuration.
2026-06-28T15:55:42.946-03:00  INFO 19680 --- [tool-registry] [           main] .b.t.c.SpringBootTestContextBootstrapper : Found @SpringBootConfiguration TF_ESII.tool_registry.ToolRegistryApplication for test class TF_ESII.tool_registry.ToolRegistryApplicationTests

  .   ____          _            __ _ _
 /\\ / ___'_ __ _ _(_)_ __  __ _ \ \ \ \
( ( )\___ | '_ | '_| | '_ \/ _` | \ \ \ \
 \\/  ___)| |_)| | | | | || (_| |  ) ) ) )
  '  |____| .__|_| |_|_| |_\__, | / / / /
 =========|_|==============|___/=/_/_/_/

 :: Spring Boot ::                (v3.4.1)

2026-06-28T15:55:43.022-03:00  INFO 19680 --- [tool-registry] [           main] T.t.ToolRegistryApplicationTests         : Starting ToolRegistryApplicationTests using Java 21.0.10 with PID 19680 (started by diego in C:\Users\diego\OneDrive\Documentos\trabalhoESII\tool-registry)
2026-06-28T15:55:43.022-03:00  INFO 19680 --- [tool-registry] [           main] T.t.ToolRegistryApplicationTests         : The following 1 profile is active: "test"
2026-06-28T15:55:43.745-03:00  INFO 19680 --- [tool-registry] [           main] .s.d.r.c.RepositoryConfigurationDelegate : Bootstrapping Spring Data JPA repositories in DEFAULT mode.
2026-06-28T15:55:43.796-03:00  INFO 19680 --- [tool-registry] [           main] .s.d.r.c.RepositoryConfigurationDelegate : Finished Spring Data repository scanning in 39 ms. Found 1 JPA repository interface.
2026-06-28T15:55:43.970-03:00  INFO 19680 --- [tool-registry] [           main] o.s.cloud.context.scope.GenericScope     : BeanFactory id=3b3e927a-8c63-334e-b7cc-c801f7b5a9ef
2026-06-28T15:55:44.570-03:00  INFO 19680 --- [tool-registry] [           main] o.hibernate.jpa.internal.util.LogHelper  : HHH000204: Processing PersistenceUnitInfo [name: default]
2026-06-28T15:55:44.656-03:00  INFO 19680 --- [tool-registry] [           main] org.hibernate.Version                    : HHH000412: Hibernate ORM core version 6.6.4.Final
2026-06-28T15:55:44.692-03:00  INFO 19680 --- [tool-registry] [           main] o.h.c.internal.RegionFactoryInitiator    : HHH000026: Second-level cache disabled
2026-06-28T15:55:44.829-03:00  INFO 19680 --- [tool-registry] [           main] o.s.o.j.p.SpringPersistenceUnitInfo      : No LoadTimeWeaver setup: ignoring JPA class transformer
2026-06-28T15:55:44.880-03:00  INFO 19680 --- [tool-registry] [           main] com.zaxxer.hikari.HikariDataSource       : HikariPool-1 - Starting...
2026-06-28T15:55:45.122-03:00  INFO 19680 --- [tool-registry] [           main] com.zaxxer.hikari.pool.HikariPool        : HikariPool-1 - Added connection conn0: url=jdbc:h2:mem:toolregistrydb user=SA
2026-06-28T15:55:45.124-03:00  INFO 19680 --- [tool-registry] [           main] com.zaxxer.hikari.HikariDataSource       : HikariPool-1 - Start completed.
2026-06-28T15:55:45.148-03:00  WARN 19680 --- [tool-registry] [           main] org.hibernate.orm.deprecation            : HHH90000025: H2Dialect does not need to be specified explicitly using 'hibernate.dialect' (remove the property setting and it will be selected by default)
2026-06-28T15:55:45.171-03:00  INFO 19680 --- [tool-registry] [           main] org.hibernate.orm.connections.pooling    : HHH10001005: Database info:
	Database JDBC URL [Connecting through datasource 'HikariDataSource (HikariPool-1)']
	Database driver: undefined/unknown
	Database version: 2.3.232
	Autocommit mode: undefined/unknown
	Isolation level: undefined/unknown
	Minimum pool size: undefined/unknown
	Maximum pool size: undefined/unknown
2026-06-28T15:55:45.790-03:00  INFO 19680 --- [tool-registry] [           main] o.h.e.t.j.p.i.JtaPlatformInitiator       : HHH000489: No JTA platform available (set 'hibernate.transaction.jta.platform' to enable JTA platform integration)
2026-06-28T15:55:45.827-03:00  INFO 19680 --- [tool-registry] [           main] j.LocalContainerEntityManagerFactoryBean : Initialized JPA EntityManagerFactory for persistence unit 'default'
2026-06-28T15:55:46.372-03:00  WARN 19680 --- [tool-registry] [           main] JpaBaseConfiguration$JpaWebConfiguration : spring.jpa.open-in-view is enabled by default. Therefore, database queries may be performed during view rendering. Explicitly configure spring.jpa.open-in-view to disable this warning
2026-06-28T15:55:47.107-03:00  INFO 19680 --- [tool-registry] [           main] o.s.b.a.h2.H2ConsoleAutoConfiguration    : H2 console available at '/h2-console'. Database available at 'jdbc:h2:mem:toolregistrydb'
2026-06-28T15:55:47.148-03:00  INFO 19680 --- [tool-registry] [           main] o.s.b.t.m.w.SpringBootMockServletContext : Initializing Spring TestDispatcherServlet ''
2026-06-28T15:55:47.148-03:00  INFO 19680 --- [tool-registry] [           main] o.s.t.web.servlet.TestDispatcherServlet  : Initializing Servlet ''
2026-06-28T15:55:47.161-03:00  INFO 19680 --- [tool-registry] [           main] o.s.b.a.e.web.EndpointLinksResolver      : Exposing 2 endpoints beneath base path '/actuator'
2026-06-28T15:55:47.180-03:00  INFO 19680 --- [tool-registry] [           main] o.s.t.web.servlet.TestDispatcherServlet  : Completed initialization in 32 ms
2026-06-28T15:55:47.226-03:00  INFO 19680 --- [tool-registry] [           main] DiscoveryClientOptionalArgsConfiguration : Eureka HTTP Client uses RestTemplate.
2026-06-28T15:55:47.299-03:00  WARN 19680 --- [tool-registry] [           main] iguration$LoadBalancerCaffeineWarnLogger : Spring Cloud LoadBalancer is currently working with the default cache. While this cache implementation is useful for development and tests, it's recommended to use Caffeine cache in production.You can switch to using Caffeine cache, by adding it and org.springframework.cache.caffeine.CaffeineCacheManager to the classpath.
2026-06-28T15:55:47.367-03:00  INFO 19680 --- [tool-registry] [           main] T.t.ToolRegistryApplicationTests         : Started ToolRegistryApplicationTests in 4.411 seconds (process running for 9.56)
]]></system-out>
  </testcase>
  <testcase name="builtInsCarregadosNaInicializacao" classname="TF_ESII.tool_registry.ToolRegistryApplicationTests" time="0.077"/>
</testsuite>